<?xml version="1.0" encoding="UTF-8"?>
<testng-results ignored="0" total="1" passed="1" failed="0" skipped="0">
  <reporter-output>
  </reporter-output>
  <suite started-at="2024-01-22T09:21:47 IST" name="Default suite" finished-at="2024-01-22T09:21:58 IST" duration-ms="11422">
    <groups>
    </groups>
    <test started-at="2024-01-22T09:21:47 IST" name="Default test" finished-at="2024-01-22T09:21:58 IST" duration-ms="11422">
      <class name="testscripts.SwagLabLoginValidation">
        <test-method is-config="true" signature="precondition()[pri:0, instance:testscripts.SwagLabLoginValidation@7f2cfe3f]" started-at="2024-01-22T09:21:47 IST" name="precondition" finished-at="2024-01-22T09:21:56 IST" duration-ms="8904" status="PASS">
          <reporter-output>
          </reporter-output>
        </test-method> <!-- precondition -->
        <test-method signature="testLoginLogout()[pri:0, instance:testscripts.SwagLabLoginValidation@7f2cfe3f]" started-at="2024-01-22T09:21:56 IST" name="testLoginLogout" finished-at="2024-01-22T09:21:58 IST" duration-ms="1744" status="PASS">
          <reporter-output>
          </reporter-output>
        </test-method> <!-- testLoginLogout -->
        <test-method is-config="true" signature="tearDown()[pri:0, instance:testscripts.SwagLabLoginValidation@7f2cfe3f]" started-at="2024-01-22T09:21:58 IST" name="tearDown" finished-at="2024-01-22T09:21:58 IST" duration-ms="629" status="PASS">
          <reporter-output>
          </reporter-output>
        </test-method> <!-- tearDown -->
      </class> <!-- testscripts.SwagLabLoginValidation -->
    </test> <!-- Default test -->
  </suite> <!-- Default suite -->
</testng-results>
