<?xml version="1.0" encoding="UTF-8"?>
<testng-results ignored="0" total="6" passed="6" failed="0" skipped="0">
  <reporter-output>
  </reporter-output>
  <suite started-at="2024-01-29T09:14:19 IST" name="Suite" finished-at="2024-01-29T09:15:28 IST" duration-ms="69198">
    <groups>
      <group name="cucumber">
        <method signature="AbstractTestNGCucumberTests.runScenario(io.cucumber.testng.PickleWrapper,io.cucumber.testng.FeatureWrapper)[pri:0, instance:runner.TestRunner@25be7b63]" name="runScenario" class="io.cucumber.testng.AbstractTestNGCucumberTests"/>
      </group> <!-- cucumber -->
    </groups>
    <test started-at="2024-01-29T09:14:19 IST" name="Test" finished-at="2024-01-29T09:15:28 IST" duration-ms="69198">
      <class name="runner.TestRunner">
        <test-method is-config="true" signature="setUpClass()[pri:0, instance:runner.TestRunner@25be7b63]" started-at="2024-01-29T09:14:19 IST" name="setUpClass" finished-at="2024-01-29T09:14:21 IST" duration-ms="1490" status="PASS">
          <reporter-output>
          </reporter-output>
        </test-method> <!-- setUpClass -->
        <test-method signature="runScenario(io.cucumber.testng.PickleWrapper,io.cucumber.testng.FeatureWrapper)[pri:0, instance:runner.TestRunner@25be7b63]" started-at="2024-01-29T09:14:21 IST" name="runScenario" description="Runs Cucumber Scenarios" data-provider="scenarios" finished-at="2024-01-29T09:14:30 IST" duration-ms="9853" status="PASS">
          <params>
            <param index="0">
              <value>
                <![CDATA["Trying to search Selenium Interview Questions in Google"]]>
              </value>
            </param>
            <param index="1">
              <value>
                <![CDATA["Optional[Trying to Search something in Google]"]]>
              </value>
            </param>
          </params>
          <reporter-output>
          </reporter-output>
        </test-method> <!-- runScenario -->
        <test-method signature="runScenario(io.cucumber.testng.PickleWrapper,io.cucumber.testng.FeatureWrapper)[pri:0, instance:runner.TestRunner@25be7b63]" started-at="2024-01-29T09:14:30 IST" name="runScenario" description="Runs Cucumber Scenarios" data-provider="scenarios" finished-at="2024-01-29T09:14:37 IST" duration-ms="6532" status="PASS">
          <params>
            <param index="0">
              <value>
                <![CDATA["Trying to search Selenium Interview Questions in Google"]]>
              </value>
            </param>
            <param index="1">
              <value>
                <![CDATA["Optional[Trying to Search something in Google]"]]>
              </value>
            </param>
          </params>
          <reporter-output>
          </reporter-output>
        </test-method> <!-- runScenario -->
        <test-method signature="runScenario(io.cucumber.testng.PickleWrapper,io.cucumber.testng.FeatureWrapper)[pri:0, instance:runner.TestRunner@25be7b63]" started-at="2024-01-29T09:14:37 IST" name="runScenario" description="Runs Cucumber Scenarios" data-provider="scenarios" finished-at="2024-01-29T09:14:43 IST" duration-ms="6261" status="PASS">
          <params>
            <param index="0">
              <value>
                <![CDATA["Trying to search Manual Testing Questions in Google"]]>
              </value>
            </param>
            <param index="1">
              <value>
                <![CDATA["Optional[Trying to Search something in Google]"]]>
              </value>
            </param>
          </params>
          <reporter-output>
          </reporter-output>
        </test-method> <!-- runScenario -->
        <test-method signature="runScenario(io.cucumber.testng.PickleWrapper,io.cucumber.testng.FeatureWrapper)[pri:0, instance:runner.TestRunner@25be7b63]" started-at="2024-01-29T09:14:43 IST" name="runScenario" description="Runs Cucumber Scenarios" data-provider="scenarios" finished-at="2024-01-29T09:14:50 IST" duration-ms="6581" status="PASS">
          <params>
            <param index="0">
              <value>
                <![CDATA["Trying to search API testing question in Google"]]>
              </value>
            </param>
            <param index="1">
              <value>
                <![CDATA["Optional[Trying to Search something in Google]"]]>
              </value>
            </param>
          </params>
          <reporter-output>
          </reporter-output>
        </test-method> <!-- runScenario -->
        <test-method signature="runScenario(io.cucumber.testng.PickleWrapper,io.cucumber.testng.FeatureWrapper)[pri:0, instance:runner.TestRunner@25be7b63]" started-at="2024-01-29T09:14:50 IST" name="runScenario" description="Runs Cucumber Scenarios" data-provider="scenarios" finished-at="2024-01-29T09:15:11 IST" duration-ms="21494" status="PASS">
          <params>
            <param index="0">
              <value>
                <![CDATA["Create new lead with name as QA"]]>
              </value>
            </param>
            <param index="1">
              <value>
                <![CDATA["Optional[Create lead in Vtiger application]"]]>
              </value>
            </param>
          </params>
          <reporter-output>
          </reporter-output>
        </test-method> <!-- runScenario -->
        <test-method signature="runScenario(io.cucumber.testng.PickleWrapper,io.cucumber.testng.FeatureWrapper)[pri:0, instance:runner.TestRunner@25be7b63]" started-at="2024-01-29T09:15:11 IST" name="runScenario" description="Runs Cucumber Scenarios" data-provider="scenarios" finished-at="2024-01-29T09:15:26 IST" duration-ms="14647" status="PASS">
          <params>
            <param index="0">
              <value>
                <![CDATA["Delete all leads"]]>
              </value>
            </param>
            <param index="1">
              <value>
                <![CDATA["Optional[Create lead in Vtiger application]"]]>
              </value>
            </param>
          </params>
          <reporter-output>
          </reporter-output>
        </test-method> <!-- runScenario -->
        <test-method is-config="true" signature="tearDownClass()[pri:0, instance:runner.TestRunner@25be7b63]" started-at="2024-01-29T09:15:26 IST" name="tearDownClass" finished-at="2024-01-29T09:15:28 IST" duration-ms="2202" status="PASS">
          <reporter-output>
          </reporter-output>
        </test-method> <!-- tearDownClass -->
      </class> <!-- runner.TestRunner -->
    </test> <!-- Test -->
  </suite> <!-- Suite -->
</testng-results>
