<?xml version="1.0" encoding="UTF-8"?>
<testng-results skipped="0" failed="0" ignored="0" total="2" passed="2">
  <reporter-output>
  </reporter-output>
  <suite name="Regression Suite" duration-ms="68652" started-at="2024-01-26T12:57:56 IST" finished-at="2024-01-26T12:59:04 IST">
    <groups>
    </groups>
    <test name="TestOrangeHRMPIM" duration-ms="68652" started-at="2024-01-26T12:57:56 IST" finished-at="2024-01-26T12:59:04 IST">
      <class name="testscripts.TestOrangeHrmPim">
        <test-method status="PASS" signature="precondition()[pri:0, instance:testscripts.TestOrangeHrmPim@33c7e1bb]" name="precondition" is-config="true" duration-ms="20623" started-at="2024-01-26T12:57:56 IST" finished-at="2024-01-26T12:58:17 IST">
          <reporter-output>
          </reporter-output>
        </test-method> <!-- precondition -->
        <test-method status="PASS" signature="testPimCreation()[pri:0, instance:testscripts.TestOrangeHrmPim@33c7e1bb]" name="testPimCreation" duration-ms="14600" started-at="2024-01-26T12:58:17 IST" finished-at="2024-01-26T12:58:31 IST">
          <reporter-output>
          </reporter-output>
        </test-method> <!-- testPimCreation -->
        <test-method status="PASS" signature="postcondition()[pri:0, instance:testscripts.TestOrangeHrmPim@33c7e1bb]" name="postcondition" is-config="true" duration-ms="3180" started-at="2024-01-26T12:58:31 IST" finished-at="2024-01-26T12:58:34 IST">
          <reporter-output>
          </reporter-output>
        </test-method> <!-- postcondition -->
        <test-method status="PASS" signature="precondition()[pri:0, instance:testscripts.TestOrangeHrmPim@33c7e1bb]" name="precondition" is-config="true" duration-ms="12725" started-at="2024-01-26T12:58:34 IST" finished-at="2024-01-26T12:58:47 IST">
          <reporter-output>
          </reporter-output>
        </test-method> <!-- precondition -->
        <test-method status="PASS" signature="testPimDeletion()[pri:0, instance:testscripts.TestOrangeHrmPim@33c7e1bb]" name="testPimDeletion" duration-ms="14450" started-at="2024-01-26T12:58:47 IST" depends-on-methods="testscripts.TestOrangeHrmPim.testPimCreation" finished-at="2024-01-26T12:59:02 IST">
          <reporter-output>
          </reporter-output>
        </test-method> <!-- testPimDeletion -->
        <test-method status="PASS" signature="postcondition()[pri:0, instance:testscripts.TestOrangeHrmPim@33c7e1bb]" name="postcondition" is-config="true" duration-ms="2929" started-at="2024-01-26T12:59:02 IST" finished-at="2024-01-26T12:59:04 IST">
          <reporter-output>
          </reporter-output>
        </test-method> <!-- postcondition -->
      </class> <!-- testscripts.TestOrangeHrmPim -->
    </test> <!-- TestOrangeHRMPIM -->
  </suite> <!-- Regression Suite -->
</testng-results>
