<?xml version="1.0" encoding="UTF-8"?>
<!-- Generated by org.testng.reporters.JUnitXMLReporter -->
<testsuite ignored="1" hostname="DESKTOP-LLLGMOJ" failures="0" tests="1" name="Default test" time="4.642" errors="0" timestamp="2024-01-26T13:07:32 IST">
  <testcase classname="testscripts.HtmlUnitDriverExample" name="testCase2" time="4.541"/>
  <testcase classname="testscripts.HtmlUnitDriverExample" name="testCase" time="0.0">
    <ignored/>
  </testcase> <!-- testCase -->
</testsuite> <!-- Default test -->
