<?xml version="1.0" encoding="UTF-8"?>
<!-- Generated by org.testng.reporters.JUnitXMLReporter -->
<testsuite ignored="1" hostname="DESKTOP-LLLGMOJ" failures="0" tests="1" name="Default test" time="4.102" errors="0" timestamp="2023-10-25T21:52:18 IST">
  <testcase classname="testscripts.HtmlUnitDriverExample" name="testCase2" time="4.041"/>
  <testcase classname="testscripts.HtmlUnitDriverExample" name="testCase" time="0.0">
    <ignored/>
  </testcase> <!-- testCase -->
</testsuite> <!-- Default test -->
