<?xml version="1.0" encoding="UTF-8"?>
<testng-results ignored="1" total="2" passed="1" failed="0" skipped="0">
  <reporter-output>
  </reporter-output>
  <suite started-at="2024-01-26T13:07:28 IST" name="Default suite" finished-at="2024-01-26T13:07:32 IST" duration-ms="4642">
    <groups>
    </groups>
    <test started-at="2024-01-26T13:07:28 IST" name="Default test" finished-at="2024-01-26T13:07:32 IST" duration-ms="4642">
      <class name="testscripts.HtmlUnitDriverExample">
        <test-method signature="testCase2()[pri:0, instance:testscripts.HtmlUnitDriverExample@70e9c95d]" started-at="2024-01-26T13:07:28 IST" name="testCase2" finished-at="2024-01-26T13:07:32 IST" duration-ms="4541" status="PASS">
          <reporter-output>
          </reporter-output>
        </test-method> <!-- testCase2 -->
      </class> <!-- testscripts.HtmlUnitDriverExample -->
    </test> <!-- Default test -->
  </suite> <!-- Default suite -->
</testng-results>
