<?xml version="1.0" encoding="UTF-8"?>
<testng-results ignored="0" total="2" passed="2" failed="0" skipped="0">
  <reporter-output>
  </reporter-output>
  <suite started-at="2024-01-26T12:50:25 IST" name="Regression Suite" finished-at="2024-01-26T12:51:34 IST" duration-ms="69147">
    <groups>
    </groups>
    <test started-at="2024-01-26T12:50:25 IST" name="TestOrangeHRMPIM" finished-at="2024-01-26T12:51:34 IST" duration-ms="69147">
      <class name="testscripts.TestOrangeHrmPim">
        <test-method is-config="true" signature="precondition()[pri:0, instance:testscripts.TestOrangeHrmPim@71ba6d4e]" started-at="2024-01-26T12:50:25 IST" name="precondition" finished-at="2024-01-26T12:50:47 IST" duration-ms="22048" status="PASS">
          <reporter-output>
          </reporter-output>
        </test-method> <!-- precondition -->
        <test-method signature="testPimCreation()[pri:0, instance:testscripts.TestOrangeHrmPim@71ba6d4e]" started-at="2024-01-26T12:50:47 IST" name="testPimCreation" finished-at="2024-01-26T12:51:02 IST" duration-ms="15332" status="PASS">
          <reporter-output>
          </reporter-output>
        </test-method> <!-- testPimCreation -->
        <test-method is-config="true" signature="postcondition()[pri:0, instance:testscripts.TestOrangeHrmPim@71ba6d4e]" started-at="2024-01-26T12:51:02 IST" name="postcondition" finished-at="2024-01-26T12:51:05 IST" duration-ms="2734" status="PASS">
          <reporter-output>
          </reporter-output>
        </test-method> <!-- postcondition -->
        <test-method is-config="true" signature="precondition()[pri:0, instance:testscripts.TestOrangeHrmPim@71ba6d4e]" started-at="2024-01-26T12:51:05 IST" name="precondition" finished-at="2024-01-26T12:51:17 IST" duration-ms="12495" status="PASS">
          <reporter-output>
          </reporter-output>
        </test-method> <!-- precondition -->
        <test-method signature="testPimDeletion()[pri:0, instance:testscripts.TestOrangeHrmPim@71ba6d4e]" started-at="2024-01-26T12:51:17 IST" name="testPimDeletion" finished-at="2024-01-26T12:51:31 IST" depends-on-methods="testscripts.TestOrangeHrmPim.testPimCreation" duration-ms="13621" status="PASS">
          <reporter-output>
          </reporter-output>
        </test-method> <!-- testPimDeletion -->
        <test-method is-config="true" signature="postcondition()[pri:0, instance:testscripts.TestOrangeHrmPim@71ba6d4e]" started-at="2024-01-26T12:51:31 IST" name="postcondition" finished-at="2024-01-26T12:51:34 IST" duration-ms="2810" status="PASS">
          <reporter-output>
          </reporter-output>
        </test-method> <!-- postcondition -->
      </class> <!-- testscripts.TestOrangeHrmPim -->
    </test> <!-- TestOrangeHRMPIM -->
  </suite> <!-- Regression Suite -->
</testng-results>
