<?xml version="1.0" encoding="UTF-8" standalone="no"?>
<testsuite errors="0" failures="0" name="io.cucumber.core.plugin.JUnitFormatter" skipped="0" tests="6" time="65.608">
    <testcase classname="Trying to Search something in Google" name="Trying to search Selenium Interview Questions in Google" time="9.005">
        <system-out><![CDATA[Given User has already on google search page................................passed
When user types 'Selenium Interview Questions' in search input field and press enter key.passed
Then User should able to get result page with title having 'Selenium Interview Questions'.passed
And close the browser.......................................................passed
]]></system-out>
    </testcase>
    <testcase classname="Trying to Search something in Google" name="Trying to search Selenium Interview Questions in Google 2" time="6.508">
        <system-out><![CDATA[Given User has already on google search page................................passed
When user types Selenium Interview Questions in search input field and press enter key.passed
Then User should able to get result page with title having Selenium Interview Questions.passed
And close the browser.......................................................passed
]]></system-out>
    </testcase>
    <testcase classname="Trying to Search something in Google" name="Trying to search Manual Testing Questions in Google" time="6.241">
        <system-out><![CDATA[Given User has already on google search page................................passed
When user types Manual Testing Questions in search input field and press enter key.passed
Then User should able to get result page with title having Manual Testing Questions.passed
And close the browser.......................................................passed
]]></system-out>
    </testcase>
    <testcase classname="Trying to Search something in Google" name="Trying to search API testing question in Google" time="6.559">
        <system-out><![CDATA[Given User has already on google search page................................passed
When user types API testing question in search input field and press enter key.passed
Then User should able to get result page with title having API testing question.passed
And close the browser.......................................................passed
]]></system-out>
    </testcase>
    <testcase classname="Create lead in Vtiger application" name="Create new lead with name as QA" time="21.463">
        <system-out><![CDATA[Given user already in login page............................................passed
And user login successfully with valid data.................................passed
And click on navigation bar.................................................passed
And go to Marketing and select Leads........................................passed
When click on Add Leads button and enter firstname as QA ,last as Champak ,number as 123 and click on save button.passed
And click on All link.......................................................passed
Then varify lead is created with Champak....................................passed
And close the browser.......................................................passed
]]></system-out>
    </testcase>
    <testcase classname="Create lead in Vtiger application" name="Delete all leads" time="14.634">
        <system-out><![CDATA[Given user already in login page............................................passed
And user login successfully with valid data.................................passed
And click on navigation bar.................................................passed
And go to Marketing and select Leads........................................passed
When click on select all leads checkbox.....................................passed
And click on delete logo....................................................passed
And user will get a popup to comfirm deletion, select Yes...................passed
Then varify that all leads deleted..........................................passed
And close the browser.......................................................passed
]]></system-out>
    </testcase>
</testsuite>
